0 info it worked if it ends with ok
1 verbose cli [ '/usr/local/bin/node', '/usr/local/bin/npm', 'run', 'dev' ]
2 info using npm@3.3.6
3 info using node@v5.0.0
4 verbose run-script [ 'predev', 'dev', 'postdev' ]
5 info lifecycle api_hr_system_demo@1.0.0~predev: api_hr_system_demo@1.0.0
6 silly lifecycle api_hr_system_demo@1.0.0~predev: no script for predev, continuing
7 info lifecycle api_hr_system_demo@1.0.0~dev: api_hr_system_demo@1.0.0
8 verbose lifecycle api_hr_system_demo@1.0.0~dev: unsafe-perm in lifecycle true
9 verbose lifecycle api_hr_system_demo@1.0.0~dev: PATH: /usr/local/lib/node_modules/npm/bin/node-gyp-bin:/var/www/html/api_hr_system_demo/uploadAttendance/api_hr_system/node_modules/.bin:/home/etech/bin:/home/etech/.local/bin:/usr/local/sbin:/usr/local/bin:/usr/sbin:/usr/bin:/sbin:/bin:/usr/games:/usr/local/games:/snap/bin
10 verbose lifecycle api_hr_system_demo@1.0.0~dev: CWD: /var/www/html/api_hr_system_demo/uploadAttendance/api_hr_system
11 silly lifecycle api_hr_system_demo@1.0.0~dev: Args: [ '-c',
11 silly lifecycle   'nodemon -w src --exec "babel-node src --presets es2015,stage-0"' ]
12 silly lifecycle api_hr_system_demo@1.0.0~dev: Returned: code: 1  signal: null
13 info lifecycle api_hr_system_demo@1.0.0~dev: Failed to exec dev script
14 verbose stack Error: api_hr_system_demo@1.0.0 dev: `nodemon -w src --exec "babel-node src --presets es2015,stage-0"`
14 verbose stack Exit status 1
14 verbose stack     at EventEmitter.<anonymous> (/usr/local/lib/node_modules/npm/lib/utils/lifecycle.js:233:16)
14 verbose stack     at emitTwo (events.js:87:13)
14 verbose stack     at EventEmitter.emit (events.js:172:7)
14 verbose stack     at ChildProcess.<anonymous> (/usr/local/lib/node_modules/npm/lib/utils/spawn.js:24:14)
14 verbose stack     at emitTwo (events.js:87:13)
14 verbose stack     at ChildProcess.emit (events.js:172:7)
14 verbose stack     at maybeClose (internal/child_process.js:818:16)
14 verbose stack     at Process.ChildProcess._handle.onexit (internal/child_process.js:211:5)
15 verbose pkgid api_hr_system_demo@1.0.0
16 verbose cwd /var/www/html/api_hr_system_demo/uploadAttendance/api_hr_system
17 error Linux 4.4.0-92-generic
18 error argv "/usr/local/bin/node" "/usr/local/bin/npm" "run" "dev"
19 error node v5.0.0
20 error npm  v3.3.6
21 error code ELIFECYCLE
22 error api_hr_system_demo@1.0.0 dev: `nodemon -w src --exec "babel-node src --presets es2015,stage-0"`
22 error Exit status 1
23 error Failed at the api_hr_system_demo@1.0.0 dev script 'nodemon -w src --exec "babel-node src --presets es2015,stage-0"'.
23 error This is most likely a problem with the api_hr_system_demo package,
23 error not with npm itself.
23 error Tell the author that this fails on your system:
23 error     nodemon -w src --exec "babel-node src --presets es2015,stage-0"
23 error You can get their info via:
23 error     npm owner ls api_hr_system_demo
23 error There is likely additional logging output above.
24 verbose exit [ 1, true ]
